Started GET "/cards/new" for ::1 at 2021-04-22 13:55:39 +0300
Processing by CardsController#new as HTML
  Rendering cards/new.html.slim within layouts/cards
  Rendered cards/_form.html.slim (Duration: 0.9ms | Allocations: 439)
  Rendered cards/new.html.slim within layouts/cards (Duration: 2.0ms | Allocations: 1079)
  Rendered application/_header.html.slim (Duration: 0.1ms | Allocations: 62)
[Webpacker] Everything's up-to-date. Nothing to do
Completed 200 OK in 11ms (Views: 6.3ms | ActiveRecord: 0.0ms | Allocations: 7783)


Started GET "/cards/new" for ::1 at 2021-04-22 13:59:26 +0300
Processing by CardsController#new as HTML
  Rendering cards/new.html.slim within layouts/cards
  Rendered cards/_form.html.slim (Duration: 5.6ms | Allocations: 4117)
  Rendered cards/new.html.slim within layouts/cards (Duration: 10.9ms | Allocations: 6869)
  Rendered application/_header.html.slim (Duration: 3.3ms | Allocations: 2423)
[Webpacker] Everything's up-to-date. Nothing to do
Completed 200 OK in 28ms (Views: 25.8ms | ActiveRecord: 0.0ms | Allocations: 17238)


Started POST "/cards" for ::1 at 2021-04-22 13:59:32 +0300
Processing by CardsController#create as HTML
  Parameters: {"authenticity_token"=>"5b4hlxUsUSsKg4kg/PSAQHx5X6ow2uJRi+SchWCthBk5cCOm1eHG9rEd6tWYszieUGEfOwoYwxEKlRgr+yAOqA==", "card"=>{"title"=>""}, "commit"=>"Create Card"}
  Rendering cards/new.html.slim within layouts/cards
  Rendered cards/_form.html.slim (Duration: 1.9ms | Allocations: 664)
  Rendered cards/new.html.slim within layouts/cards (Duration: 3.9ms | Allocations: 1300)
  Rendered application/_header.html.slim (Duration: 0.2ms | Allocations: 61)
[Webpacker] Everything's up-to-date. Nothing to do
Completed 200 OK in 14ms (Views: 10.3ms | ActiveRecord: 0.0ms | Allocations: 6304)


Started POST "/cards" for ::1 at 2021-04-22 14:11:02 +0300
Processing by CardsController#create as HTML
  Parameters: {"authenticity_token"=>"vNn2QSp76JR1VWDkjiF24i18Bx704oZyO7kJ2fDC51ZgF/Rw6rZ/Sc7LAxHqZs48AWRHj84gpzK6yI13a09t5w==", "card"=>{"title"=>""}, "commit"=>"Create Card"}
  Rendering cards/new.html.slim within layouts/cards
  Rendered cards/_form.html.slim (Duration: 2.0ms | Allocations: 648)
  Rendered cards/new.html.slim within layouts/cards (Duration: 3.7ms | Allocations: 1281)
  Rendered application/_header.html.slim (Duration: 0.3ms | Allocations: 61)
[Webpacker] Everything's up-to-date. Nothing to do
Completed 200 OK in 15ms (Views: 11.2ms | ActiveRecord: 0.0ms | Allocations: 6072)


Started GET "/cards" for ::1 at 2021-04-22 14:12:37 +0300
Processing by CardsController#index as HTML
  Rendering cards/index.html.slim within layouts/cards
  [1m[36mCard Load (0.5ms)[0m  [1m[34mSELECT "cards".* FROM "cards"[0m
  ↳ app/views/cards/index.html.slim:8
  Rendered cards/index.html.slim within layouts/cards (Duration: 14.0ms | Allocations: 9198)
  Rendered application/_header.html.slim (Duration: 0.1ms | Allocations: 64)
[Webpacker] Everything's up-to-date. Nothing to do
Completed 200 OK in 22ms (Views: 15.4ms | ActiveRecord: 4.1ms | Allocations: 14088)


Started GET "/cards/new" for ::1 at 2021-04-22 14:12:39 +0300
Processing by CardsController#new as HTML
  Rendering cards/new.html.slim within layouts/cards
  Rendered cards/_form.html.slim (Duration: 1.6ms | Allocations: 429)
  Rendered cards/new.html.slim within layouts/cards (Duration: 3.7ms | Allocations: 1065)
  Rendered application/_header.html.slim (Duration: 0.2ms | Allocations: 61)
[Webpacker] Everything's up-to-date. Nothing to do
Completed 200 OK in 13ms (Views: 12.2ms | ActiveRecord: 0.0ms | Allocations: 4796)


Started POST "/cards" for ::1 at 2021-04-22 14:12:41 +0300
Processing by CardsController#create as HTML
  Parameters: {"authenticity_token"=>"tnFfQv+KVq2tRpsi9mbwuyeeXcv0vlpdySn6Pm50kxpUWHQWNCbNa/AYyN/r15j51iFAKdKHK1j0vGUw2rOwSA==", "card"=>{"title"=>""}, "commit"=>"Create Card"}
Redirected to http://localhost:3000/cards
Completed 302 Found in 2ms (ActiveRecord: 0.0ms | Allocations: 501)


Started GET "/cards" for ::1 at 2021-04-22 14:12:41 +0300
Processing by CardsController#index as HTML
  Rendering cards/index.html.slim within layouts/cards
  [1m[36mCard Load (0.5ms)[0m  [1m[34mSELECT "cards".* FROM "cards"[0m
  ↳ app/views/cards/index.html.slim:8
  Rendered cards/index.html.slim within layouts/cards (Duration: 6.6ms | Allocations: 1843)
  Rendered application/_header.html.slim (Duration: 0.3ms | Allocations: 62)
[Webpacker] Everything's up-to-date. Nothing to do
Completed 200 OK in 17ms (Views: 15.7ms | ActiveRecord: 0.5ms | Allocations: 5592)


Started GET "/cards" for ::1 at 2021-04-22 14:14:57 +0300
Processing by CardsController#index as HTML
  Rendering cards/index.html.slim within layouts/cards
  [1m[36mCard Load (0.4ms)[0m  [1m[34mSELECT "cards".* FROM "cards"[0m
  ↳ app/views/cards/index.html.slim:8
  Rendered cards/index.html.slim within layouts/cards (Duration: 10.9ms | Allocations: 6907)
  Rendered application/_header.html.slim (Duration: 2.9ms | Allocations: 2424)
[Webpacker] Everything's up-to-date. Nothing to do
Completed 200 OK in 28ms (Views: 24.9ms | ActiveRecord: 0.4ms | Allocations: 17278)


Started GET "/cards/new" for ::1 at 2021-04-22 14:14:58 +0300
Processing by CardsController#new as HTML
  Rendering cards/new.html.slim within layouts/cards
  Rendered cards/_form.html.slim (Duration: 6.0ms | Allocations: 4443)
  Rendered cards/new.html.slim within layouts/cards (Duration: 13.3ms | Allocations: 7187)
  Rendered application/_header.html.slim (Duration: 1.6ms | Allocations: 62)
[Webpacker] Everything's up-to-date. Nothing to do
Completed 200 OK in 25ms (Views: 23.2ms | ActiveRecord: 0.0ms | Allocations: 11076)


Started GET "/cards/new" for ::1 at 2021-04-22 14:15:13 +0300
Processing by CardsController#new as HTML
  Rendering cards/new.html.slim within layouts/cards
  Rendered cards/_form.html.slim (Duration: 11.7ms | Allocations: 4844)
  Rendered cards/new.html.slim within layouts/cards (Duration: 16.6ms | Allocations: 7009)
Completed 500 Internal Server Error in 20ms (ActiveRecord: 0.0ms | Allocations: 7908)


  
ActionView::Template::Error (Expected attribute
  /home/anna/ruby/TrelloN/app/views/cards/_form.html.slim, Line 17, Column 14
    console.log("jj");
                ^
):
    14:       = form.submit
    15: 
    16: <script>
    17:   console.log("jj");
    18: </script>
  
app/views/cards/_form.html.slim:17
app/views/cards/new.html.slim:2
Started GET "/cards/new" for ::1 at 2021-04-22 15:09:23 +0300
  [1m[35m (0.5ms)[0m  [1m[34mSELECT "schema_migrations"."version" FROM "schema_migrations" ORDER BY "schema_migrations"."version" ASC[0m
Processing by CardsController#new as HTML
  Rendering cards/new.html.slim within layouts/cards
  Rendered cards/_form.html.slim (Duration: 260.2ms | Allocations: 5815)
  Rendered cards/new.html.slim within layouts/cards (Duration: 390.7ms | Allocations: 16165)
  Rendered application/_header.html.slim (Duration: 9.0ms | Allocations: 2430)
[Webpacker] Compiling...
[Webpacker] Compiled all packs in /home/anna/ruby/TrelloN/public/packs
[Webpacker] warning ../../package.json: No license field
Browserslist: caniuse-lite is outdated. Please run:
npx browserslist@latest --update-db

Why you should do it regularly:
https://github.com/browserslist/browserslist#browsers-data-updating

[Webpacker] Hash: 07b60d84ddd74c55bd58
Version: webpack 4.44.2
Time: 4517ms
Built at: 22.04.2021 15:09:34
                                     Asset       Size       Chunks                         Chunk Names
    js/application-4f639d8074c4d9813ac1.js    271 KiB  application  [emitted] [immutable]  application
js/application-4f639d8074c4d9813ac1.js.map    264 KiB  application  [emitted] [dev]        application
                             manifest.json  364 bytes               [emitted]              
Entrypoint application = js/application-4f639d8074c4d9813ac1.js js/application-4f639d8074c4d9813ac1.js.map
[./app/javascript/channels sync recursive _channel\.js$] ./app/javascript/channels sync _channel\.js$ 160 bytes {application} [built]
[./app/javascript/channels/index.js] 211 bytes {application} [built]
[./app/javascript/packs/application.js] 934 bytes {application} [built]
[./node_modules/webpack/buildin/global.js] (webpack)/buildin/global.js 905 bytes {application} [built]
[./node_modules/webpack/buildin/module.js] (webpack)/buildin/module.js 552 bytes {application} [built]
    + 130 hidden modules

Completed 200 OK in 11276ms (Views: 11008.5ms | ActiveRecord: 12.5ms | Allocations: 32470)


Started GET "/cards/form.js" for ::1 at 2021-04-22 15:09:34 +0300
Processing by CardsController#show as JS
  Parameters: {"id"=>"form"}
  [1m[36mCard Load (0.4ms)[0m  [1m[34mSELECT "cards".* FROM "cards" WHERE "cards"."id" = $1 LIMIT $2[0m  [["id", nil], ["LIMIT", 1]]
  ↳ app/controllers/cards_controller.rb:9:in `show'
Completed 404 Not Found in 5ms (ActiveRecord: 0.6ms | Allocations: 1687)


  
ActiveRecord::RecordNotFound (Couldn't find Card with 'id'=form):
  
app/controllers/cards_controller.rb:9:in `show'
Started GET "/cards/new" for ::1 at 2021-04-22 15:09:53 +0300
Processing by CardsController#new as HTML
  Rendering cards/new.html.slim within layouts/cards
  Rendered cards/_form.html.slim (Duration: 1.5ms | Allocations: 382)
  Rendered cards/new.html.slim within layouts/cards (Duration: 3.2ms | Allocations: 1019)
  Rendered application/_header.html.slim (Duration: 0.2ms | Allocations: 61)
[Webpacker] Everything's up-to-date. Nothing to do
Completed 200 OK in 10ms (Views: 9.0ms | ActiveRecord: 0.0ms | Allocations: 4755)


Started GET "/cards/form.js" for ::1 at 2021-04-22 15:09:53 +0300
Processing by CardsController#show as JS
  Parameters: {"id"=>"form"}
  [1m[36mCard Load (0.3ms)[0m  [1m[34mSELECT "cards".* FROM "cards" WHERE "cards"."id" = $1 LIMIT $2[0m  [["id", nil], ["LIMIT", 1]]
  ↳ app/controllers/cards_controller.rb:9:in `show'
Completed 404 Not Found in 2ms (ActiveRecord: 0.3ms | Allocations: 1148)


  
ActiveRecord::RecordNotFound (Couldn't find Card with 'id'=form):
  
app/controllers/cards_controller.rb:9:in `show'
Started GET "/cards/new" for ::1 at 2021-04-22 15:15:00 +0300
Processing by CardsController#new as HTML
  Rendering cards/new.html.slim within layouts/cards
  Rendered cards/_form.html.slim (Duration: 1.1ms | Allocations: 378)
  Rendered cards/new.html.slim within layouts/cards (Duration: 3.1ms | Allocations: 1018)
  Rendered application/_header.html.slim (Duration: 0.2ms | Allocations: 61)
[Webpacker] Everything's up-to-date. Nothing to do
Completed 200 OK in 11ms (Views: 10.4ms | ActiveRecord: 0.0ms | Allocations: 4776)


Started GET "/cards/form.js" for ::1 at 2021-04-22 15:15:00 +0300
Processing by CardsController#show as JS
  Parameters: {"id"=>"form"}
  [1m[36mCard Load (0.3ms)[0m  [1m[34mSELECT "cards".* FROM "cards" WHERE "cards"."id" = $1 LIMIT $2[0m  [["id", nil], ["LIMIT", 1]]
  ↳ app/controllers/cards_controller.rb:9:in `show'
Completed 404 Not Found in 2ms (ActiveRecord: 0.3ms | Allocations: 1152)


  
ActiveRecord::RecordNotFound (Couldn't find Card with 'id'=form):
  
app/controllers/cards_controller.rb:9:in `show'
Started GET "/" for ::1 at 2021-05-04 15:31:35 +0300
  [1m[35m (55.1ms)[0m  [1m[34mSELECT "schema_migrations"."version" FROM "schema_migrations" ORDER BY "schema_migrations"."version" ASC[0m
Processing by HomeController#show as HTML
  Rendering home/show.html.slim within layouts/cards
  Rendered home/show.html.slim within layouts/cards (Duration: 86.2ms | Allocations: 10231)
  Rendered application/_header.html.slim (Duration: 9.7ms | Allocations: 2458)
[Webpacker] Everything's up-to-date. Nothing to do
Completed 200 OK in 333ms (Views: 315.0ms | ActiveRecord: 0.0ms | Allocations: 21857)


Started GET "/cards" for ::1 at 2021-05-04 15:31:40 +0300
Processing by CardsController#index as HTML
  Rendering cards/index.html.slim within layouts/cards
  [1m[36mCard Load (278.8ms)[0m  [1m[34mSELECT "cards".* FROM "cards"[0m
  ↳ app/views/cards/index.html.slim:8
  Rendered cards/index.html.slim within layouts/cards (Duration: 563.1ms | Allocations: 9594)
  Rendered application/_header.html.slim (Duration: 0.4ms | Allocations: 64)
[Webpacker] Everything's up-to-date. Nothing to do
Completed 200 OK in 725ms (Views: 285.7ms | ActiveRecord: 298.0ms | Allocations: 15186)


Started GET "/cards/new" for ::1 at 2021-05-04 15:31:43 +0300
Processing by CardsController#new as HTML
  Rendering cards/new.html.slim within layouts/cards
  Rendered cards/_form.html.slim (Duration: 590.5ms | Allocations: 6324)
  Rendered cards/new.html.slim within layouts/cards (Duration: 2242.8ms | Allocations: 9157)
  Rendered application/_header.html.slim (Duration: 0.4ms | Allocations: 62)
[Webpacker] Everything's up-to-date. Nothing to do
Completed 200 OK in 2263ms (Views: 2261.7ms | ActiveRecord: 0.0ms | Allocations: 13052)


Started GET "/cards/form.js" for ::1 at 2021-05-04 15:31:46 +0300
Processing by CardsController#show as JS
  Parameters: {"id"=>"form"}
  [1m[36mCard Load (0.3ms)[0m  [1m[34mSELECT "cards".* FROM "cards" WHERE "cards"."id" = $1 LIMIT $2[0m  [["id", nil], ["LIMIT", 1]]
  ↳ app/controllers/cards_controller.rb:9:in `show'
Completed 404 Not Found in 59ms (ActiveRecord: 0.6ms | Allocations: 1577)


  
ActiveRecord::RecordNotFound (Couldn't find Card with 'id'=form):
  
app/controllers/cards_controller.rb:9:in `show'
Started GET "/" for ::1 at 2021-05-04 15:41:54 +0300
  [1m[35m (0.4ms)[0m  [1m[34mSELECT "schema_migrations"."version" FROM "schema_migrations" ORDER BY "schema_migrations"."version" ASC[0m
Processing by HomeController#show as HTML
  Rendering home/show.html.slim within layouts/cards
  Rendered home/show.html.slim within layouts/cards (Duration: 6.1ms | Allocations: 10231)
  Rendered application/_header.html.slim (Duration: 1.6ms | Allocations: 2458)
[Webpacker] Everything's up-to-date. Nothing to do
Completed 200 OK in 19ms (Views: 15.0ms | ActiveRecord: 0.0ms | Allocations: 21863)


Started GET "/cards" for ::1 at 2021-05-04 15:41:59 +0300
Processing by CardsController#index as HTML
  Rendering cards/index.html.slim within layouts/cards
  [1m[36mCard Load (0.5ms)[0m  [1m[34mSELECT "cards".* FROM "cards"[0m
  ↳ app/views/cards/index.html.slim:8
  Rendered cards/index.html.slim within layouts/cards (Duration: 23.5ms | Allocations: 9593)
  Rendered application/_header.html.slim (Duration: 0.1ms | Allocations: 64)
[Webpacker] Everything's up-to-date. Nothing to do
Completed 200 OK in 35ms (Views: 23.2ms | ActiveRecord: 6.2ms | Allocations: 15182)


Started GET "/cards/new" for ::1 at 2021-05-04 15:42:01 +0300
Processing by CardsController#new as HTML
  Rendering cards/new.html.slim within layouts/cards
  Rendered cards/_form.html.slim (Duration: 23.5ms | Allocations: 6326)
  Rendered cards/new.html.slim within layouts/cards (Duration: 41.8ms | Allocations: 9154)
  Rendered application/_header.html.slim (Duration: 0.7ms | Allocations: 62)
[Webpacker] Everything's up-to-date. Nothing to do
Completed 200 OK in 65ms (Views: 61.7ms | ActiveRecord: 0.0ms | Allocations: 13056)


Started GET "/cards/form.js" for ::1 at 2021-05-04 15:42:01 +0300
Processing by CardsController#show as JS
  Parameters: {"id"=>"form"}
  [1m[36mCard Load (0.4ms)[0m  [1m[34mSELECT "cards".* FROM "cards" WHERE "cards"."id" = $1 LIMIT $2[0m  [["id", nil], ["LIMIT", 1]]
  ↳ app/controllers/cards_controller.rb:9:in `show'
Completed 404 Not Found in 8ms (ActiveRecord: 0.8ms | Allocations: 1575)


  
ActiveRecord::RecordNotFound (Couldn't find Card with 'id'=form):
  
app/controllers/cards_controller.rb:9:in `show'
